<?xml version="1.0" encoding="utf-8"?><testsuites name="pytest tests"><testsuite name="pytest" errors="0" failures="0" skipped="0" tests="17" time="98.271" timestamp="2026-04-26T06:48:14.659899+00:00" hostname="agent-env-9e34a669-c2ef-4fd8-bff6-24d7070308fd"><testcase classname="backend.tests.test_iter4_saas.TestCategoriesTree" name="test_tree_returns_nested" time="22.489" /><testcase classname="backend.tests.test_iter4_saas.TestCategoriesTree" name="test_create_subcategory_with_parent" time="0.000" /><testcase classname="backend.tests.test_iter4_saas.TestCategoriesTree" name="test_put_can_move_parent" time="2.618" /><testcase classname="backend.tests.test_iter4_saas.TestProductsByParentSlug" name="test_parent_slug_returns_descendant_products" time="8.654" /><testcase classname="backend.tests.test_iter4_saas.TestPaginationShape" name="test_pagination_shape[/api/admin/products]" time="3.703" /><testcase classname="backend.tests.test_iter4_saas.TestPaginationShape" name="test_pagination_shape[/api/admin/orders]" time="3.014" /><testcase classname="backend.tests.test_iter4_saas.TestPaginationShape" name="test_pagination_shape[/api/admin/inventory]" time="3.700" /><testcase classname="backend.tests.test_iter4_saas.TestPaginationShape" name="test_pagination_shape[/api/admin/coupons]" time="1.659" /><testcase classname="backend.tests.test_iter4_saas.TestPaginationShape" name="test_pagination_shape[/api/admin/expenses]" time="1.651" /><testcase classname="backend.tests.test_iter4_saas.TestPaginationShape" name="test_orders_recent_first" time="2.332" /><testcase classname="backend.tests.test_iter4_saas.TestPaginationShape" name="test_page_param_works" time="1.646" /><testcase classname="backend.tests.test_iter4_saas.TestPaymentLifecycle" name="test_card_pos_instant_completed" time="7.933" /><testcase classname="backend.tests.test_iter4_saas.TestPaymentLifecycle" name="test_cod_pending" time="4.236" /><testcase classname="backend.tests.test_iter4_saas.TestPaymentLifecycle" name="test_completed_status_locked" time="5.438" /><testcase classname="backend.tests.test_iter4_saas.TestPaymentLifecycle" name="test_cash_received_flow" time="9.347" /><testcase classname="backend.tests.test_iter4_saas.TestDashboardRevenue" name="test_total_revenue_paid_only" time="12.228" /><testcase classname="backend.tests.test_iter4_saas.TestThemeRoundTrip" name="test_put_get_new_keys" time="7.537" /></testsuite></testsuites>