<?xml version="1.0" encoding="utf-8"?><testsuites name="pytest tests"><testsuite name="pytest" errors="0" failures="0" skipped="0" tests="8" time="58.949" timestamp="2026-04-29T16:14:38.758314+00:00" hostname="agent-env-b59d43d1-9fe5-487f-9f69-5efd25f64305"><testcase classname="backend.tests.test_iter8_punchlist.TestActiveDiscounts" name="test_active_discounts_returns_list" time="0.810" /><testcase classname="backend.tests.test_iter8_punchlist.TestCheckoutAutoDiscount" name="test_online_checkout_applies_10pc" time="24.107" /><testcase classname="backend.tests.test_iter8_punchlist.TestPOSManualDiscount" name="test_manual_percent_10" time="5.506" /><testcase classname="backend.tests.test_iter8_punchlist.TestPOSManualDiscount" name="test_manual_fixed_caps_at_subtotal" time="5.507" /><testcase classname="backend.tests.test_iter8_punchlist.TestCustomerAutoCreate" name="test_local_phone_normalised_to_e164" time="8.911" /><testcase classname="backend.tests.test_iter8_punchlist.TestPnlReport" name="test_manual_income_reflected_with_eod_to_date" time="5.123" /><testcase classname="backend.tests.test_iter8_punchlist.TestPnlReport" name="test_pnl_supplier_payments_field_exists" time="3.256" /><testcase classname="backend.tests.test_iter8_punchlist.TestReceipt" name="test_receipt_renders" time="5.665" /></testsuite></testsuites>