<?xml version="1.0" encoding="utf-8"?><testsuites name="pytest tests"><testsuite name="pytest" errors="0" failures="0" skipped="0" tests="7" time="97.348" timestamp="2026-04-29T16:12:56.911469+00:00" hostname="agent-env-b59d43d1-9fe5-487f-9f69-5efd25f64305"><testcase classname="backend.tests.test_iter9_fixes.TestPOSCustomerNoCollapse" name="test_pos_orders_return_distinct_customer_ids" time="52.080" /><testcase classname="backend.tests.test_iter9_fixes.TestPOSCustomerNoCollapse" name="test_admin_orders_list_includes_customer_id" time="9.599" /><testcase classname="backend.tests.test_iter9_fixes.TestPOSCustomerNoCollapse" name="test_search_returns_exactly_two_new_customers" time="1.645" /><testcase classname="backend.tests.test_iter9_fixes.TestPOSCustomerNoCollapse" name="test_pos_customer_ids_match_orders" time="1.638" /><testcase classname="backend.tests.test_iter9_fixes.TestCustomerSearchLocalPhone" name="test_search_by_local_format_finds_normalised" time="11.820" /><testcase classname="backend.tests.test_iter9_fixes.TestCustomerOnlineCheckoutRegression" name="test_logged_in_customer_uses_their_existing_customer_record" time="14.479" /><testcase classname="backend.tests.test_iter9_fixes.TestWalkInPOS" name="test_walkin_pos_creates_order_with_walkin_customer" time="6.025" /></testsuite></testsuites>