<?xml version="1.0" encoding="utf-8"?><testsuites name="pytest tests"><testsuite name="pytest" errors="0" failures="0" skipped="0" tests="19" time="149.031" timestamp="2026-04-30T18:48:36.571804+00:00" hostname="agent-env-b59d43d1-9fe5-487f-9f69-5efd25f64305"><testcase classname="backend.tests.test_iter9_fixes.TestPOSCustomerNoCollapse" name="test_pos_orders_return_distinct_customer_ids" time="34.614" /><testcase classname="backend.tests.test_iter9_fixes.TestPOSCustomerNoCollapse" name="test_admin_orders_list_includes_customer_id" time="13.576" /><testcase classname="backend.tests.test_iter9_fixes.TestPOSCustomerNoCollapse" name="test_search_returns_exactly_two_new_customers" time="1.644" /><testcase classname="backend.tests.test_iter9_fixes.TestPOSCustomerNoCollapse" name="test_pos_customer_ids_match_orders" time="1.666" /><testcase classname="backend.tests.test_iter9_fixes.TestCustomerSearchLocalPhone" name="test_search_by_local_format_finds_normalised" time="14.613" /><testcase classname="backend.tests.test_iter9_fixes.TestCustomerOnlineCheckoutRegression" name="test_logged_in_customer_uses_their_existing_customer_record" time="21.933" /><testcase classname="backend.tests.test_iter9_fixes.TestWalkInPOS" name="test_walkin_pos_creates_order_with_walkin_customer" time="9.562" /><testcase classname="backend.tests.test_iter10_multitenancy" name="test_super_admin_endpoints_require_auth" time="0.004" /><testcase classname="backend.tests.test_iter10_multitenancy" name="test_default_tenant_seeded_on_startup" time="2.536" /><testcase classname="backend.tests.test_iter10_multitenancy" name="test_create_get_update_soft_delete_tenant" time="11.575" /><testcase classname="backend.tests.test_iter10_multitenancy" name="test_platform_stats_shape" time="2.985" /><testcase classname="backend.tests.test_iter10_multitenancy" name="test_business_tables_have_tenant_id_column" time="5.012" /><testcase classname="backend.tests.test_iter11_branding_marketing" name="test_company_exposes_branding_fields" time="0.913" /><testcase classname="backend.tests.test_iter11_branding_marketing" name="test_can_update_branding" time="4.736" /><testcase classname="backend.tests.test_iter11_branding_marketing" name="test_google_auth_toggle" time="2.820" /><testcase classname="backend.tests.test_iter11_branding_marketing" name="test_template_crud" time="8.267" /><testcase classname="backend.tests.test_iter11_branding_marketing" name="test_bulk_send_validation" time="0.728" /><testcase classname="backend.tests.test_iter11_branding_marketing" name="test_bulk_send_queues_to_opt_in_customers" time="7.072" /><testcase classname="backend.tests.test_iter11_branding_marketing" name="test_theme_apply_to_admin_persists" time="4.701" /></testsuite></testsuites>