<?xml version="1.0" encoding="utf-8"?><testsuites name="pytest tests"><testsuite name="pytest" errors="0" failures="1" skipped="0" tests="8" time="101.791" timestamp="2026-04-29T16:03:04.951319+00:00" hostname="agent-env-b59d43d1-9fe5-487f-9f69-5efd25f64305"><testcase classname="backend.tests.test_iter8_punchlist.TestActiveDiscounts" name="test_active_discounts_returns_list" time="26.056" /><testcase classname="backend.tests.test_iter8_punchlist.TestCheckoutAutoDiscount" name="test_online_checkout_applies_10pc" time="28.284" /><testcase classname="backend.tests.test_iter8_punchlist.TestPOSManualDiscount" name="test_manual_percent_10" time="6.049" /><testcase classname="backend.tests.test_iter8_punchlist.TestPOSManualDiscount" name="test_manual_fixed_caps_at_subtotal" time="8.996" /><testcase classname="backend.tests.test_iter8_punchlist.TestCustomerAutoCreate" name="test_local_phone_normalised_to_e164" time="13.760"><failure message="AssertionError: BUG: searching by local phone 0774622436 should find customer with normalized phone +94774622436 but got 0 hits (needs server.py list_customers to also try ILIKE on normalize_phone_lk(q))&#10;assert 0 &gt; 0">E   AssertionError: BUG: searching by local phone 0774622436 should find customer with normalized phone +94774622436 but got 0 hits (needs server.py list_customers to also try ILIKE on normalize_phone_lk(q))
    assert 0 &gt; 0</failure></testcase><testcase classname="backend.tests.test_iter8_punchlist.TestPnlReport" name="test_manual_income_reflected_with_eod_to_date" time="5.528" /><testcase classname="backend.tests.test_iter8_punchlist.TestPnlReport" name="test_pnl_supplier_payments_field_exists" time="3.026" /><testcase classname="backend.tests.test_iter8_punchlist.TestReceipt" name="test_receipt_renders" time="10.018" /></testsuite></testsuites>