<?xml version="1.0" encoding="utf-8"?><testsuites name="pytest tests"><testsuite name="pytest" errors="0" failures="0" skipped="0" tests="16" time="145.437" timestamp="2026-04-26T09:27:59.094669+00:00" hostname="agent-env-d25b1475-cbec-4346-9e52-373bb1f267f4"><testcase classname="backend.tests.test_iter5_saas.TestSanity" name="test_admin_products_paginated_shape" time="5.435" /><testcase classname="backend.tests.test_iter5_saas.TestSuppliers" name="test_list_suppliers_paginated" time="1.644" /><testcase classname="backend.tests.test_iter5_saas.TestSuppliers" name="test_update_supplier" time="3.776" /><testcase classname="backend.tests.test_iter5_saas.TestSuppliers" name="test_invoice_increases_balance_owed" time="4.691" /><testcase classname="backend.tests.test_iter5_saas.TestSuppliers" name="test_payment_decreases_balance_with_cash_ledger" time="13.463" /><testcase classname="backend.tests.test_iter5_saas.TestIncomeCashAccounts" name="test_income_with_cash_account_credits" time="12.067" /><testcase classname="backend.tests.test_iter5_saas.TestIncomeCashAccounts" name="test_cash_accounts_crud" time="5.691" /><testcase classname="backend.tests.test_iter5_saas.TestPnL" name="test_pnl_report_shape" time="2.570" /><testcase classname="backend.tests.test_iter5_saas.TestPnL" name="test_pnl_group_by_month" time="2.596" /><testcase classname="backend.tests.test_iter5_saas.TestPnL" name="test_pnl_xlsx_export" time="2.823" /><testcase classname="backend.tests.test_iter5_saas.TestPublicReceipt" name="test_receipt_public_and_sms_log" time="13.719" /><testcase classname="backend.tests.test_iter5_saas.TestPOSCashLedger" name="test_pos_cash_creates_ledger_in" time="14.634" /><testcase classname="backend.tests.test_iter5_saas.TestCsvImport" name="test_template_endpoint" time="0.044" /><testcase classname="backend.tests.test_iter5_saas.TestCsvImport" name="test_dry_run_then_commit_with_variants" time="12.650" /><testcase classname="backend.tests.test_iter5_saas.TestCouponScope" name="test_coupon_scope_products_and_rejects_non_eligible" time="41.802" /><testcase classname="backend.tests.test_iter5_saas.TestStaffPermissions" name="test_new_staff_defaults_off_and_update" time="7.758" /></testsuite></testsuites>