<?xml version="1.0" encoding="utf-8"?><testsuites name="pytest tests"><testsuite name="pytest" errors="0" failures="1" skipped="1" tests="15" time="144.313" timestamp="2026-04-26T16:24:25.461577+00:00" hostname="agent-env-d25b1475-cbec-4346-9e52-373bb1f267f4"><testcase classname="backend.tests.test_iter6_saas.TestPOSProductFilter" name="test_in_stock_filter_returns_only_stocked_variants" time="30.096" /><testcase classname="backend.tests.test_iter6_saas.TestPOSProductFilter" name="test_unfiltered_includes_all" time="4.705" /><testcase classname="backend.tests.test_iter6_saas.TestOrderStats" name="test_stats_shape" time="1.435" /><testcase classname="backend.tests.test_iter6_saas.TestCheckoutPreflight" name="test_cash_without_account_returns_400" time="14.441" /><testcase classname="backend.tests.test_iter6_saas.TestCODCashReceived" name="test_cod_succeeds_then_cash_received_credits_account" time="25.832" /><testcase classname="backend.tests.test_iter6_saas.TestCODCashReceived" name="test_cash_received_completed_order_returns_400" time="4.491"><skipped type="pytest.skip" message="no completed order">/app/backend/tests/test_iter6_saas.py:229: no completed order</skipped></testcase><testcase classname="backend.tests.test_iter6_saas.TestPOSAutoCredit" name="test_pos_cash_auto_credits_store_account" time="19.565" /><testcase classname="backend.tests.test_iter6_saas.TestPermissionGates" name="test_stock_movements_blocked_without_perm" time="10.896"><failure message="AssertionError: expected 403 got 200: {&quot;ok&quot;:true,&quot;new_quantity&quot;:8}&#10;assert 200 == 403&#10; +  where 200 = &lt;Response [200]&gt;.status_code">backend/tests/test_iter6_saas.py:294: in test_stock_movements_blocked_without_perm
    assert r.status_code == 403, f"expected 403 got {r.status_code}: {r.text}"
E   AssertionError: expected 403 got 200: {"ok":true,"new_quantity":8}
E   assert 200 == 403
E    +  where 200 = &lt;Response [200]&gt;.status_code</failure></testcase><testcase classname="backend.tests.test_iter6_saas.TestPermissionGates" name="test_transfer_blocked_without_perm" time="6.051" /><testcase classname="backend.tests.test_iter6_saas.TestPermissionGates" name="test_expense_blocked_without_perm" time="0.749" /><testcase classname="backend.tests.test_iter6_saas.TestPermissionGates" name="test_income_blocked_without_perm" time="0.746" /><testcase classname="backend.tests.test_iter6_saas.TestPermissionGates" name="test_super_admin_bypasses" time="2.137" /><testcase classname="backend.tests.test_iter6_saas.TestCsvImport" name="test_dryrun_partial_rows_increments_counters" time="6.359" /><testcase classname="backend.tests.test_iter6_saas.TestCsvImport" name="test_commit_partial_update_preserves_untouched_fields" time="8.973" /><testcase classname="backend.tests.test_iter6_saas.TestCsvImport" name="test_commit_creates_variant_and_stock" time="7.547" /></testsuite></testsuites>