<?xml version="1.0" encoding="utf-8"?><testsuites name="pytest tests"><testsuite name="pytest" errors="0" failures="0" skipped="0" tests="16" time="66.668" timestamp="2026-04-24T17:34:31.721022+00:00" hostname="agent-env-ba8939cb-1a18-49ae-992f-8562c65ce254"><testcase classname="backend.tests.test_page_builder" name="test_public_get_theme" time="9.562" /><testcase classname="backend.tests.test_page_builder" name="test_public_get_page_home_returns_sections_and_theme" time="1.276" /><testcase classname="backend.tests.test_page_builder" name="test_admin_page_home_requires_auth" time="0.110" /><testcase classname="backend.tests.test_page_builder" name="test_admin_page_home_with_auth" time="1.936" /><testcase classname="backend.tests.test_page_builder" name="test_admin_theme_update_requires_auth" time="0.136" /><testcase classname="backend.tests.test_page_builder" name="test_admin_media_upload_requires_auth" time="0.128" /><testcase classname="backend.tests.test_page_builder" name="test_section_full_lifecycle" time="9.674" /><testcase classname="backend.tests.test_page_builder" name="test_reorder_sections_by_ids" time="8.963" /><testcase classname="backend.tests.test_page_builder" name="test_delete_test_section" time="5.130" /><testcase classname="backend.tests.test_page_builder" name="test_theme_update_and_reflect" time="6.521" /><testcase classname="backend.tests.test_page_builder" name="test_media_upload_and_fetch" time="3.497" /><testcase classname="backend.tests.test_page_builder" name="test_media_fetch_404" time="1.034" /><testcase classname="backend.tests.test_page_builder" name="test_delete_test_media" time="1.742" /><testcase classname="backend.tests.test_page_builder" name="test_regression_products_still_list_with_images" time="1.950" /><testcase classname="backend.tests.test_page_builder" name="test_regression_admin_dashboard" time="3.114" /><testcase classname="backend.tests.test_page_builder" name="test_regression_guest_checkout" time="11.807" /></testsuite></testsuites>