<?xml version="1.0" encoding="utf-8"?><testsuites name="pytest tests"><testsuite name="pytest" errors="0" failures="0" skipped="0" tests="23" time="102.710" timestamp="2026-04-25T10:10:05.432478+00:00" hostname="agent-env-9e34a669-c2ef-4fd8-bff6-24d7070308fd"><testcase classname="backend.tests.test_polo_shop_v3" name="test_setup_status_complete" time="17.387" /><testcase classname="backend.tests.test_polo_shop_v3" name="test_setup_init_idempotent_returns_409" time="0.829" /><testcase classname="backend.tests.test_polo_shop_v3" name="test_login_invalid_password_401" time="2.414" /><testcase classname="backend.tests.test_polo_shop_v3" name="test_auth_me_unauthenticated_401" time="0.105" /><testcase classname="backend.tests.test_polo_shop_v3" name="test_admin_endpoints_require_auth" time="0.103" /><testcase classname="backend.tests.test_polo_shop_v3" name="test_logout_clears_cookie" time="4.475" /><testcase classname="backend.tests.test_polo_shop_v3" name="test_customer_register_creates_customer" time="3.619" /><testcase classname="backend.tests.test_polo_shop_v3" name="test_customer_blocked_from_admin" time="0.742" /><testcase classname="backend.tests.test_polo_shop_v3" name="test_locations_25_districts" time="0.124" /><testcase classname="backend.tests.test_polo_shop_v3" name="test_shipping_rule_crud_and_quote" time="6.652" /><testcase classname="backend.tests.test_polo_shop_v3" name="test_payment_method_crud_and_scope" time="5.439" /><testcase classname="backend.tests.test_polo_shop_v3" name="test_admin_products_search" time="10.352" /><testcase classname="backend.tests.test_polo_shop_v3" name="test_inventory_listing_and_filter" time="3.081" /><testcase classname="backend.tests.test_polo_shop_v3" name="test_customer_create_dedup_by_phone" time="5.493" /><testcase classname="backend.tests.test_polo_shop_v3" name="test_coupon_create_validate_search" time="4.396" /><testcase classname="backend.tests.test_polo_shop_v3" name="test_checkout_online_with_shipping" time="9.294" /><testcase classname="backend.tests.test_polo_shop_v3" name="test_checkout_pos_cash_paid" time="3.834" /><testcase classname="backend.tests.test_polo_shop_v3" name="test_get_polo_shop_2_pages_public" time="6.828" /><testcase classname="backend.tests.test_polo_shop_v3" name="test_admin_custom_page_create" time="3.905" /><testcase classname="backend.tests.test_polo_shop_v3" name="test_integration_settings_list" time="1.207" /><testcase classname="backend.tests.test_polo_shop_v3" name="test_stores_crud" time="4.548" /><testcase classname="backend.tests.test_polo_shop_v3" name="test_expense_crud" time="4.795" /><testcase classname="backend.tests.test_polo_shop_v3" name="test_cleanup" time="2.881" /></testsuite></testsuites>