<?xml version="1.0" encoding="utf-8"?><testsuites name="pytest tests"><testsuite name="pytest" errors="0" failures="2" skipped="0" tests="21" time="200.841" timestamp="2026-05-27T18:18:14.378964+00:00" hostname="agent-env-b5322fb2-11e8-47e3-85e4-679dd473e48d"><testcase classname="backend.tests.test_iter13_seo_cart_barcode.TestSEO" name="test_sitemap_xml" time="88.206" /><testcase classname="backend.tests.test_iter13_seo_cart_barcode.TestSEO" name="test_robots_txt" time="0.002" /><testcase classname="backend.tests.test_iter13_seo_cart_barcode.TestTemplatesLibrary" name="test_install_is_idempotent" time="10.962" /><testcase classname="backend.tests.test_iter13_seo_cart_barcode.TestTemplatesLibrary" name="test_library_listing_marks_installed" time="8.743" /><testcase classname="backend.tests.test_iter13_seo_cart_barcode.TestCartRecovery" name="test_cart_sync_no_contact_skips" time="0.003" /><testcase classname="backend.tests.test_iter13_seo_cart_barcode.TestCartRecovery" name="test_cart_sync_creates_session_and_upserts" time="5.855" /><testcase classname="backend.tests.test_iter13_seo_cart_barcode.TestCartRecovery" name="test_run_worker_returns_counters" time="4.519" /><testcase classname="backend.tests.test_iter13_seo_cart_barcode.TestCompanyNewFields" name="test_put_then_get_round_trip" time="3.549" /><testcase classname="backend.tests.test_iter13_seo_cart_barcode.TestBarcode" name="test_variant_barcode_roundtrips_in_product_detail" time="9.695" /><testcase classname="backend.tests.test_iter13_seo_cart_barcode.TestBarcode" name="test_lookup_known_barcode" time="1.436" /><testcase classname="backend.tests.test_iter13_seo_cart_barcode.TestBarcode" name="test_lookup_unknown_barcode_404" time="2.115" /><testcase classname="backend.tests.test_iter13_seo_cart_barcode.TestBarcode" name="test_lookup_falls_back_to_sku" time="4.322" /><testcase classname="backend.tests.test_iter13_seo_cart_barcode.TestBarcode" name="test_labels_endpoint" time="9.267" /><testcase classname="backend.tests.test_iter13_seo_cart_barcode.TestImageUploadGuards" name="test_product_image_too_large_413" time="1.249" /><testcase classname="backend.tests.test_iter13_seo_cart_barcode.TestImageUploadGuards" name="test_product_image_small_ok" time="2.825" /><testcase classname="backend.tests.test_iter13_seo_cart_barcode.TestImageUploadGuards" name="test_media_too_large_413" time="0.775" /><testcase classname="backend.tests.test_iter13_seo_cart_barcode.TestPayHere" name="test_checkout_returns_payhere_redirect" time="16.959" /><testcase classname="backend.tests.test_iter13_seo_cart_barcode.TestPayHere" name="test_notify_invalid_signature_400" time="0.924" /><testcase classname="backend.tests.test_iter13_seo_cart_barcode.TestPayHere" name="test_notify_valid_signature_flips_paid" time="7.778" /><testcase classname="backend.tests.test_iter13_seo_cart_barcode.TestBulkSend" name="test_bulk_send_response_shape" time="20.021"><failure message="requests.exceptions.ReadTimeout: HTTPConnectionPool(host='localhost', port=8001): Read timed out. (read timeout=20)">E   TimeoutError: timed out

The above exception was the direct cause of the following exception:
E   urllib3.exceptions.ReadTimeoutError: HTTPConnectionPool(host='localhost', port=8001): Read timed out. (read timeout=20)

During handling of the above exception, another exception occurred:
E   requests.exceptions.ReadTimeout: HTTPConnectionPool(host='localhost', port=8001): Read timed out. (read timeout=20)</failure></testcase><testcase classname="backend.tests.test_iter13_seo_cart_barcode.TestBulkSend" name="test_bulk_send_opt_in_filter_does_not_500" time="1.525"><failure message="AssertionError: BUG: Customer.marketing_opt_in column missing → bulk_send 500s when marketing_opt_in_only=True (default in UI). Response: Internal Server Error&#10;assert 500 != 500&#10; +  where 500 = &lt;Response [500]&gt;.status_code">E   AssertionError: BUG: Customer.marketing_opt_in column missing → bulk_send 500s when marketing_opt_in_only=True (default in UI). Response: Internal Server Error
    assert 500 != 500
     +  where 500 = &lt;Response [500]&gt;.status_code</failure></testcase></testsuite></testsuites>