<?xml version="1.0" encoding="utf-8"?><testsuites name="pytest tests"><testsuite name="pytest" errors="0" failures="2" skipped="0" tests="16" time="105.723" timestamp="2026-04-28T18:40:43.528143+00:00" hostname="agent-env-d25b1475-cbec-4346-9e52-373bb1f267f4"><testcase classname="backend.tests.test_iter7_saas.TestCompanySEO" name="test_get_company_includes_seo_fields" time="24.240" /><testcase classname="backend.tests.test_iter7_saas.TestCompanySEO" name="test_put_admin_company_persists_seo_fields" time="4.297" /><testcase classname="backend.tests.test_iter7_saas.TestDiscounts" name="test_list_discounts_paginated" time="1.988" /><testcase classname="backend.tests.test_iter7_saas.TestDiscounts" name="test_create_discount_sitewide" time="2.129" /><testcase classname="backend.tests.test_iter7_saas.TestDiscounts" name="test_update_discount" time="1.432" /><testcase classname="backend.tests.test_iter7_saas.TestDiscounts" name="test_public_active_discounts_no_auth" time="0.928" /><testcase classname="backend.tests.test_iter7_saas.TestDiscounts" name="test_public_active_excludes_inactive" time="4.676" /><testcase classname="backend.tests.test_iter7_saas.TestDiscounts" name="test_delete_discount" time="2.397" /><testcase classname="backend.tests.test_iter7_saas.TestCustomersExport" name="test_export_csv" time="4.245"><failure message="AssertionError: Internal Server Error&#10;assert 500 == 200&#10; +  where 500 = &lt;Response [500]&gt;.status_code">backend/tests/test_iter7_saas.py:207: in test_export_csv
    assert r.status_code == 200, r.text
E   AssertionError: Internal Server Error
E   assert 500 == 200
E    +  where 500 = &lt;Response [500]&gt;.status_code</failure></testcase><testcase classname="backend.tests.test_iter7_saas.TestCustomersExport" name="test_export_xlsx" time="1.751"><failure message="AssertionError: Internal Server Error&#10;assert 500 == 200&#10; +  where 500 = &lt;Response [500]&gt;.status_code">backend/tests/test_iter7_saas.py:215: in test_export_xlsx
    assert r.status_code == 200, r.text
E   AssertionError: Internal Server Error
E   assert 500 == 200
E    +  where 500 = &lt;Response [500]&gt;.status_code</failure></testcase><testcase classname="backend.tests.test_iter7_saas.TestPaymentMethodsDefaults" name="test_koko_mintpay_codes_present_or_addable" time="1.160" /><testcase classname="backend.tests.test_iter7_saas.TestKokoMintpayCheckout" name="test_koko_checkout_marks_paid_completed" time="26.633" /><testcase classname="backend.tests.test_iter7_saas.TestKokoMintpayCheckout" name="test_mintpay_checkout_marks_paid_completed" time="5.596" /><testcase classname="backend.tests.test_iter7_saas.TestCODCashReceivedBankCredit" name="test_cod_then_cash_received_credits_bank" time="9.860" /><testcase classname="backend.tests.test_iter7_saas.TestDeliveredAutoComplete" name="test_processing_card_order_delivered_completes_and_books_bank" time="6.336" /><testcase classname="backend.tests.test_iter7_saas.TestDeliveredAutoComplete" name="test_pending_cod_to_delivered_just_changes_status" time="7.770" /></testsuite></testsuites>