<?xml version="1.0" encoding="utf-8"?><testsuites name="pytest tests"><testsuite name="pytest" errors="0" failures="0" skipped="0" tests="23" time="132.550" timestamp="2026-04-24T16:28:49.108488+00:00" hostname="agent-env-ba8939cb-1a18-49ae-992f-8562c65ce254"><testcase classname="backend.tests.backend_test" name="test_health" time="7.529" /><testcase classname="backend.tests.backend_test" name="test_list_categories_has_three" time="1.059" /><testcase classname="backend.tests.backend_test" name="test_list_products_six_with_images" time="4.562" /><testcase classname="backend.tests.backend_test" name="test_get_product_detail_includes_variants_and_inventory" time="5.539" /><testcase classname="backend.tests.backend_test" name="test_get_product_404" time="0.826" /><testcase classname="backend.tests.backend_test" name="test_coupon_validate_404_for_missing" time="1.044" /><testcase classname="backend.tests.backend_test" name="test_admin_dashboard_requires_auth" time="0.137" /><testcase classname="backend.tests.backend_test" name="test_auth_me_with_bearer" time="1.509" /><testcase classname="backend.tests.backend_test" name="test_auth_me_invalid_token" time="0.874" /><testcase classname="backend.tests.backend_test" name="test_guest_checkout_and_get_order" time="12.349" /><testcase classname="backend.tests.backend_test" name="test_get_order_by_number" time="1.339" /><testcase classname="backend.tests.backend_test" name="test_stock_deducted_after_checkout" time="3.823" /><testcase classname="backend.tests.backend_test" name="test_admin_list_products" time="8.023" /><testcase classname="backend.tests.backend_test" name="test_admin_dashboard" time="3.145" /><testcase classname="backend.tests.backend_test" name="test_admin_sales_report" time="1.772" /><testcase classname="backend.tests.backend_test" name="test_admin_create_category_and_product_with_variant" time="7.192" /><testcase classname="backend.tests.backend_test" name="test_admin_stock_movement_in_increments_inventory" time="1.973" /><testcase classname="backend.tests.backend_test" name="test_admin_inventory_shows_low_flag" time="43.299" /><testcase classname="backend.tests.backend_test" name="test_admin_list_orders_and_update_status" time="4.249" /><testcase classname="backend.tests.backend_test" name="test_admin_create_coupon_and_validate_public" time="3.260" /><testcase classname="backend.tests.backend_test" name="test_checkout_with_coupon_applies_discount" time="8.013" /><testcase classname="backend.tests.backend_test" name="test_pos_cash_checkout_creates_paid_order" time="3.863" /><testcase classname="backend.tests.backend_test" name="test_cleanup_created_entities" time="7.020" /></testsuite></testsuites>